2025-12-30 21:28:08,287 - WARNING - KILL SWITCH ENABLED by 1: test
2025-12-30 21:28:08,287 - INFO - KILL SWITCH DISABLED by 1
2025-12-30 21:28:08,300 - WARNING - KILL SWITCH ENABLED by 1: test
2025-12-30 21:28:08,301 - INFO - KILL SWITCH DISABLED by 1
2025-12-30 21:34:40,319 WARNING KILL SWITCH ENABLED by 1: test
2025-12-30 21:34:40,319 INFO KILL SWITCH DISABLED by 1
2025-12-30 21:34:40,319 INFO EVENT: test_event | user_id=1 | details={'foo': 'bar'}
2025-12-30 21:38:28,277 WARNING KILL SWITCH ENABLED by 1: test
2025-12-30 21:38:28,277 INFO KILL SWITCH DISABLED by 1
2025-12-30 21:38:28,277 INFO EVENT: test_event | user_id=1 | details={'foo': 'bar'}
2025-12-30 21:42:04,268 WARNING KILL SWITCH ENABLED by 1: test
2025-12-30 21:42:04,268 INFO KILL SWITCH DISABLED by 1
2025-12-30 21:42:04,268 INFO EVENT: test_event | user_id=1 | details={'foo': 'bar'}
2025-12-30 21:42:20,205 WARNING KILL SWITCH ENABLED by 1: test
2025-12-30 21:42:20,205 INFO KILL SWITCH DISABLED by 1
2025-12-30 21:42:20,205 INFO EVENT: test_event | user_id=1 | details={'foo': 'bar'}
2025-12-30 21:42:35,816 WARNING KILL SWITCH ENABLED by 1: test
2025-12-30 21:42:35,816 INFO KILL SWITCH DISABLED by 1
2025-12-30 21:42:35,817 INFO EVENT: test_event | user_id=1 | details={'foo': 'bar'}
2025-12-30 21:46:13,420 INFO HTTP Request: POST https://api.telegram.org/bot8063034474:AAFLhCbLJYNHUaSfqJWEgqGxMiSiK_MUqJY/getMe "HTTP/1.1 200 OK"
2025-12-30 21:46:13,585 INFO HTTP Request: POST https://api.telegram.org/bot8063034474:AAFLhCbLJYNHUaSfqJWEgqGxMiSiK_MUqJY/deleteWebhook "HTTP/1.1 200 OK"
2025-12-30 21:46:13,586 INFO Application started
2025-12-30 21:46:14,898 INFO HTTP Request: POST https://api.telegram.org/bot8063034474:AAFLhCbLJYNHUaSfqJWEgqGxMiSiK_MUqJY/getUpdates "HTTP/1.1 200 OK"
2025-12-30 21:46:15,168 INFO HTTP Request: POST https://api.telegram.org/bot8063034474:AAFLhCbLJYNHUaSfqJWEgqGxMiSiK_MUqJY/sendMessage "HTTP/1.1 200 OK"
2025-12-30 21:46:25,823 INFO HTTP Request: POST https://api.telegram.org/bot8063034474:AAFLhCbLJYNHUaSfqJWEgqGxMiSiK_MUqJY/getUpdates "HTTP/1.1 200 OK"
2025-12-30 21:46:36,372 INFO HTTP Request: POST https://api.telegram.org/bot8063034474:AAFLhCbLJYNHUaSfqJWEgqGxMiSiK_MUqJY/getUpdates "HTTP/1.1 200 OK"
2025-12-30 21:46:46,773 INFO HTTP Request: POST https://api.telegram.org/bot8063034474:AAFLhCbLJYNHUaSfqJWEgqGxMiSiK_MUqJY/getUpdates "HTTP/1.1 200 OK"
2025-12-30 21:46:48,791 INFO HTTP Request: POST https://api.telegram.org/bot8063034474:AAFLhCbLJYNHUaSfqJWEgqGxMiSiK_MUqJY/sendMessage "HTTP/1.1 200 OK"
2025-12-30 21:46:53,177 INFO HTTP Request: POST https://api.telegram.org/bot8063034474:AAFLhCbLJYNHUaSfqJWEgqGxMiSiK_MUqJY/getUpdates "HTTP/1.1 200 OK"
2025-12-30 21:47:03,414 INFO HTTP Request: POST https://api.telegram.org/bot8063034474:AAFLhCbLJYNHUaSfqJWEgqGxMiSiK_MUqJY/getUpdates "HTTP/1.1 200 OK"
2025-12-30 21:47:07,249 INFO HTTP Request: POST https://api.telegram.org/bot8063034474:AAFLhCbLJYNHUaSfqJWEgqGxMiSiK_MUqJY/getUpdates "HTTP/1.1 200 OK"
2025-12-30 21:47:17,449 INFO HTTP Request: POST https://api.telegram.org/bot8063034474:AAFLhCbLJYNHUaSfqJWEgqGxMiSiK_MUqJY/getUpdates "HTTP/1.1 200 OK"
2025-12-30 21:47:22,170 INFO HTTP Request: POST https://api.telegram.org/bot8063034474:AAFLhCbLJYNHUaSfqJWEgqGxMiSiK_MUqJY/getUpdates "HTTP/1.1 200 OK"
2025-12-30 21:47:32,734 INFO HTTP Request: POST https://api.telegram.org/bot8063034474:AAFLhCbLJYNHUaSfqJWEgqGxMiSiK_MUqJY/getUpdates "HTTP/1.1 200 OK"
2025-12-30 21:47:43,108 INFO HTTP Request: POST https://api.telegram.org/bot8063034474:AAFLhCbLJYNHUaSfqJWEgqGxMiSiK_MUqJY/getUpdates "HTTP/1.1 200 OK"
2025-12-30 21:47:52,325 INFO HTTP Request: POST https://api.telegram.org/bot8063034474:AAFLhCbLJYNHUaSfqJWEgqGxMiSiK_MUqJY/getUpdates "HTTP/1.1 200 OK"
2025-12-30 21:47:53,556 INFO HTTP Request: POST https://api.telegram.org/bot8063034474:AAFLhCbLJYNHUaSfqJWEgqGxMiSiK_MUqJY/sendMessage "HTTP/1.1 200 OK"
2025-12-30 21:48:03,029 INFO HTTP Request: POST https://api.telegram.org/bot8063034474:AAFLhCbLJYNHUaSfqJWEgqGxMiSiK_MUqJY/getUpdates "HTTP/1.1 200 OK"
2025-12-30 21:48:13,804 INFO HTTP Request: POST https://api.telegram.org/bot8063034474:AAFLhCbLJYNHUaSfqJWEgqGxMiSiK_MUqJY/getUpdates "HTTP/1.1 200 OK"
2025-12-30 21:48:23,998 INFO HTTP Request: POST https://api.telegram.org/bot8063034474:AAFLhCbLJYNHUaSfqJWEgqGxMiSiK_MUqJY/getUpdates "HTTP/1.1 200 OK"
2025-12-30 21:48:34,770 INFO HTTP Request: POST https://api.telegram.org/bot8063034474:AAFLhCbLJYNHUaSfqJWEgqGxMiSiK_MUqJY/getUpdates "HTTP/1.1 200 OK"
2025-12-30 21:48:45,198 INFO HTTP Request: POST https://api.telegram.org/bot8063034474:AAFLhCbLJYNHUaSfqJWEgqGxMiSiK_MUqJY/getUpdates "HTTP/1.1 200 OK"
2025-12-30 21:48:55,427 INFO HTTP Request: POST https://api.telegram.org/bot8063034474:AAFLhCbLJYNHUaSfqJWEgqGxMiSiK_MUqJY/getUpdates "HTTP/1.1 200 OK"
2025-12-30 21:49:05,899 INFO HTTP Request: POST https://api.telegram.org/bot8063034474:AAFLhCbLJYNHUaSfqJWEgqGxMiSiK_MUqJY/getUpdates "HTTP/1.1 200 OK"
2025-12-30 21:49:16,103 INFO HTTP Request: POST https://api.telegram.org/bot8063034474:AAFLhCbLJYNHUaSfqJWEgqGxMiSiK_MUqJY/getUpdates "HTTP/1.1 200 OK"
2025-12-30 21:49:26,505 INFO HTTP Request: POST https://api.telegram.org/bot8063034474:AAFLhCbLJYNHUaSfqJWEgqGxMiSiK_MUqJY/getUpdates "HTTP/1.1 200 OK"
2025-12-30 21:49:36,727 INFO HTTP Request: POST https://api.telegram.org/bot8063034474:AAFLhCbLJYNHUaSfqJWEgqGxMiSiK_MUqJY/getUpdates "HTTP/1.1 200 OK"
2025-12-30 21:49:48,012 INFO HTTP Request: POST https://api.telegram.org/bot8063034474:AAFLhCbLJYNHUaSfqJWEgqGxMiSiK_MUqJY/getUpdates "HTTP/1.1 200 OK"
2025-12-30 21:49:58,522 INFO HTTP Request: POST https://api.telegram.org/bot8063034474:AAFLhCbLJYNHUaSfqJWEgqGxMiSiK_MUqJY/getUpdates "HTTP/1.1 200 OK"
2025-12-30 21:50:01,630 INFO HTTP Request: POST https://api.telegram.org/bot8063034474:AAFLhCbLJYNHUaSfqJWEgqGxMiSiK_MUqJY/getUpdates "HTTP/1.1 200 OK"
2025-12-30 21:50:12,255 INFO HTTP Request: POST https://api.telegram.org/bot8063034474:AAFLhCbLJYNHUaSfqJWEgqGxMiSiK_MUqJY/getUpdates "HTTP/1.1 200 OK"
2025-12-30 21:50:22,787 INFO HTTP Request: POST https://api.telegram.org/bot8063034474:AAFLhCbLJYNHUaSfqJWEgqGxMiSiK_MUqJY/getUpdates "HTTP/1.1 200 OK"
2025-12-30 21:50:32,236 INFO HTTP Request: POST https://api.telegram.org/bot8063034474:AAFLhCbLJYNHUaSfqJWEgqGxMiSiK_MUqJY/getUpdates "HTTP/1.1 200 OK"
2025-12-30 21:50:32,237 INFO Application is stopping. This might take a moment.
2025-12-30 21:50:32,237 INFO Application.stop() complete
2025-12-30 22:00:36,498 INFO HTTP Request: POST https://api.telegram.org/bot8063034474:AAFLhCbLJYNHUaSfqJWEgqGxMiSiK_MUqJY/getMe "HTTP/1.1 200 OK"
2025-12-30 22:00:36,670 INFO HTTP Request: POST https://api.telegram.org/bot8063034474:AAFLhCbLJYNHUaSfqJWEgqGxMiSiK_MUqJY/deleteWebhook "HTTP/1.1 200 OK"
2025-12-30 22:00:36,671 INFO Application started
2025-12-30 22:00:37,203 INFO HTTP Request: POST https://api.telegram.org/bot8063034474:AAFLhCbLJYNHUaSfqJWEgqGxMiSiK_MUqJY/getUpdates "HTTP/1.1 200 OK"
2025-12-30 22:00:47,370 INFO HTTP Request: POST https://api.telegram.org/bot8063034474:AAFLhCbLJYNHUaSfqJWEgqGxMiSiK_MUqJY/getUpdates "HTTP/1.1 200 OK"
2025-12-30 22:00:57,628 INFO HTTP Request: POST https://api.telegram.org/bot8063034474:AAFLhCbLJYNHUaSfqJWEgqGxMiSiK_MUqJY/getUpdates "HTTP/1.1 200 OK"
2025-12-30 22:01:07,818 INFO HTTP Request: POST https://api.telegram.org/bot8063034474:AAFLhCbLJYNHUaSfqJWEgqGxMiSiK_MUqJY/getUpdates "HTTP/1.1 200 OK"
2025-12-30 22:01:17,987 INFO HTTP Request: POST https://api.telegram.org/bot8063034474:AAFLhCbLJYNHUaSfqJWEgqGxMiSiK_MUqJY/getUpdates "HTTP/1.1 200 OK"
2025-12-30 22:01:28,191 INFO HTTP Request: POST https://api.telegram.org/bot8063034474:AAFLhCbLJYNHUaSfqJWEgqGxMiSiK_MUqJY/getUpdates "HTTP/1.1 200 OK"
2025-12-30 22:01:38,369 INFO HTTP Request: POST https://api.telegram.org/bot8063034474:AAFLhCbLJYNHUaSfqJWEgqGxMiSiK_MUqJY/getUpdates "HTTP/1.1 200 OK"
2025-12-30 22:01:48,549 INFO HTTP Request: POST https://api.telegram.org/bot8063034474:AAFLhCbLJYNHUaSfqJWEgqGxMiSiK_MUqJY/getUpdates "HTTP/1.1 200 OK"
2025-12-30 22:01:58,718 INFO HTTP Request: POST https://api.telegram.org/bot8063034474:AAFLhCbLJYNHUaSfqJWEgqGxMiSiK_MUqJY/getUpdates "HTTP/1.1 200 OK"
2025-12-30 22:02:08,904 INFO HTTP Request: POST https://api.telegram.org/bot8063034474:AAFLhCbLJYNHUaSfqJWEgqGxMiSiK_MUqJY/getUpdates "HTTP/1.1 200 OK"
2025-12-30 22:02:19,070 INFO HTTP Request: POST https://api.telegram.org/bot8063034474:AAFLhCbLJYNHUaSfqJWEgqGxMiSiK_MUqJY/getUpdates "HTTP/1.1 200 OK"
2025-12-30 22:02:29,282 INFO HTTP Request: POST https://api.telegram.org/bot8063034474:AAFLhCbLJYNHUaSfqJWEgqGxMiSiK_MUqJY/getUpdates "HTTP/1.1 200 OK"
2025-12-30 22:02:39,451 INFO HTTP Request: POST https://api.telegram.org/bot8063034474:AAFLhCbLJYNHUaSfqJWEgqGxMiSiK_MUqJY/getUpdates "HTTP/1.1 200 OK"
2025-12-30 22:02:49,640 INFO HTTP Request: POST https://api.telegram.org/bot8063034474:AAFLhCbLJYNHUaSfqJWEgqGxMiSiK_MUqJY/getUpdates "HTTP/1.1 200 OK"
2025-12-30 22:02:59,808 INFO HTTP Request: POST https://api.telegram.org/bot8063034474:AAFLhCbLJYNHUaSfqJWEgqGxMiSiK_MUqJY/getUpdates "HTTP/1.1 200 OK"
2025-12-30 22:03:09,976 INFO HTTP Request: POST https://api.telegram.org/bot8063034474:AAFLhCbLJYNHUaSfqJWEgqGxMiSiK_MUqJY/getUpdates "HTTP/1.1 200 OK"
2025-12-30 22:03:20,156 INFO HTTP Request: POST https://api.telegram.org/bot8063034474:AAFLhCbLJYNHUaSfqJWEgqGxMiSiK_MUqJY/getUpdates "HTTP/1.1 200 OK"
2025-12-30 22:03:30,319 INFO HTTP Request: POST https://api.telegram.org/bot8063034474:AAFLhCbLJYNHUaSfqJWEgqGxMiSiK_MUqJY/getUpdates "HTTP/1.1 200 OK"
2025-12-30 22:03:40,565 INFO HTTP Request: POST https://api.telegram.org/bot8063034474:AAFLhCbLJYNHUaSfqJWEgqGxMiSiK_MUqJY/getUpdates "HTTP/1.1 200 OK"
2025-12-30 22:03:50,231 ERROR No error handlers are registered, logging exception.
Traceback (most recent call last):
  File "C:\Users\sammm\Desktop\SignalRankAI\.venv\Lib\site-packages\httpx\_transports\default.py", line 101, in map_httpcore_exceptions
    yield
  File "C:\Users\sammm\Desktop\SignalRankAI\.venv\Lib\site-packages\httpx\_transports\default.py", line 394, in handle_async_request
    resp = await self._pool.handle_async_request(req)
           ^^^^^^^^^^^^^^^^^^^^^^^^^^^^^^^^^^^^^^^^^^
  File "C:\Users\sammm\Desktop\SignalRankAI\.venv\Lib\site-packages\httpcore\_async\connection_pool.py", line 256, in handle_async_request
    raise exc from None
  File "C:\Users\sammm\Desktop\SignalRankAI\.venv\Lib\site-packages\httpcore\_async\connection_pool.py", line 236, in handle_async_request
    response = await connection.handle_async_request(
               ^^^^^^^^^^^^^^^^^^^^^^^^^^^^^^^^^^^^^^
        pool_request.request
        ^^^^^^^^^^^^^^^^^^^^
    )
    ^
  File "C:\Users\sammm\Desktop\SignalRankAI\.venv\Lib\site-packages\httpcore\_async\connection.py", line 103, in handle_async_request
    return await self._connection.handle_async_request(request)
           ^^^^^^^^^^^^^^^^^^^^^^^^^^^^^^^^^^^^^^^^^^^^^^^^^^^^
  File "C:\Users\sammm\Desktop\SignalRankAI\.venv\Lib\site-packages\httpcore\_async\http11.py", line 136, in handle_async_request
    raise exc
  File "C:\Users\sammm\Desktop\SignalRankAI\.venv\Lib\site-packages\httpcore\_async\http11.py", line 106, in handle_async_request
    ) = await self._receive_response_headers(**kwargs)
        ^^^^^^^^^^^^^^^^^^^^^^^^^^^^^^^^^^^^^^^^^^^^^^
  File "C:\Users\sammm\Desktop\SignalRankAI\.venv\Lib\site-packages\httpcore\_async\http11.py", line 177, in _receive_response_headers
    event = await self._receive_event(timeout=timeout)
            ^^^^^^^^^^^^^^^^^^^^^^^^^^^^^^^^^^^^^^^^^^
  File "C:\Users\sammm\Desktop\SignalRankAI\.venv\Lib\site-packages\httpcore\_async\http11.py", line 217, in _receive_event
    data = await self._network_stream.read(
           ^^^^^^^^^^^^^^^^^^^^^^^^^^^^^^^^
        self.READ_NUM_BYTES, timeout=timeout
        ^^^^^^^^^^^^^^^^^^^^^^^^^^^^^^^^^^^^
    )
    ^
  File "C:\Users\sammm\Desktop\SignalRankAI\.venv\Lib\site-packages\httpcore\_backends\anyio.py", line 32, in read
    with map_exceptions(exc_map):
         ~~~~~~~~~~~~~~^^^^^^^^^
  File "C:\Program Files\WindowsApps\PythonSoftwareFoundation.Python.3.13_3.13.2544.0_x64__qbz5n2kfra8p0\Lib\contextlib.py", line 162, in __exit__
    self.gen.throw(value)
    ~~~~~~~~~~~~~~^^^^^^^
  File "C:\Users\sammm\Desktop\SignalRankAI\.venv\Lib\site-packages\httpcore\_exceptions.py", line 14, in map_exceptions
    raise to_exc(exc) from exc
httpcore.ReadError

The above exception was the direct cause of the following exception:

Traceback (most recent call last):
  File "C:\Users\sammm\Desktop\SignalRankAI\.venv\Lib\site-packages\telegram\request\_httpxrequest.py", line 279, in do_request
    res = await self._client.request(
          ^^^^^^^^^^^^^^^^^^^^^^^^^^^
    ...<6 lines>...
    )
    ^
  File "C:\Users\sammm\Desktop\SignalRankAI\.venv\Lib\site-packages\httpx\_client.py", line 1540, in request
    return await self.send(request, auth=auth, follow_redirects=follow_redirects)
           ^^^^^^^^^^^^^^^^^^^^^^^^^^^^^^^^^^^^^^^^^^^^^^^^^^^^^^^^^^^^^^^^^^^^^^
  File "C:\Users\sammm\Desktop\SignalRankAI\.venv\Lib\site-packages\httpx\_client.py", line 1629, in send
    response = await self._send_handling_auth(
               ^^^^^^^^^^^^^^^^^^^^^^^^^^^^^^^
    ...<4 lines>...
    )
    ^
  File "C:\Users\sammm\Desktop\SignalRankAI\.venv\Lib\site-packages\httpx\_client.py", line 1657, in _send_handling_auth
    response = await self._send_handling_redirects(
               ^^^^^^^^^^^^^^^^^^^^^^^^^^^^^^^^^^^^
    ...<3 lines>...
    )
    ^
  File "C:\Users\sammm\Desktop\SignalRankAI\.venv\Lib\site-packages\httpx\_client.py", line 1694, in _send_handling_redirects
    response = await self._send_single_request(request)
               ^^^^^^^^^^^^^^^^^^^^^^^^^^^^^^^^^^^^^^^^
  File "C:\Users\sammm\Desktop\SignalRankAI\.venv\Lib\site-packages\httpx\_client.py", line 1730, in _send_single_request
    response = await transport.handle_async_request(request)
               ^^^^^^^^^^^^^^^^^^^^^^^^^^^^^^^^^^^^^^^^^^^^^
  File "C:\Users\sammm\Desktop\SignalRankAI\.venv\Lib\site-packages\httpx\_transports\default.py", line 393, in handle_async_request
    with map_httpcore_exceptions():
         ~~~~~~~~~~~~~~~~~~~~~~~^^
  File "C:\Program Files\WindowsApps\PythonSoftwareFoundation.Python.3.13_3.13.2544.0_x64__qbz5n2kfra8p0\Lib\contextlib.py", line 162, in __exit__
    self.gen.throw(value)
    ~~~~~~~~~~~~~~^^^^^^^
  File "C:\Users\sammm\Desktop\SignalRankAI\.venv\Lib\site-packages\httpx\_transports\default.py", line 118, in map_httpcore_exceptions
    raise mapped_exc(message) from exc
httpx.ReadError

The above exception was the direct cause of the following exception:

Traceback (most recent call last):
  File "C:\Users\sammm\Desktop\SignalRankAI\.venv\Lib\site-packages\telegram\ext\_utils\networkloop.py", line 134, in network_retry_loop
    await do_action()
  File "C:\Users\sammm\Desktop\SignalRankAI\.venv\Lib\site-packages\telegram\ext\_utils\networkloop.py", line 127, in do_action
    action_cb_task.result()
    ~~~~~~~~~~~~~~~~~~~~~^^
  File "C:\Users\sammm\Desktop\SignalRankAI\.venv\Lib\site-packages\telegram\ext\_updater.py", line 340, in polling_action_cb
    updates = await self.bot.get_updates(
              ^^^^^^^^^^^^^^^^^^^^^^^^^^^
    ...<3 lines>...
    )
    ^
  File "C:\Users\sammm\Desktop\SignalRankAI\.venv\Lib\site-packages\telegram\ext\_extbot.py", line 676, in get_updates
    updates = await super().get_updates(
              ^^^^^^^^^^^^^^^^^^^^^^^^^^
    ...<9 lines>...
    )
    ^
  File "C:\Users\sammm\Desktop\SignalRankAI\.venv\Lib\site-packages\telegram\_bot.py", line 4780, in get_updates
    await self._post(
    ^^^^^^^^^^^^^^^^^
    ...<7 lines>...
    ),
    ^
  File "C:\Users\sammm\Desktop\SignalRankAI\.venv\Lib\site-packages\telegram\_bot.py", line 703, in _post
    return await self._do_post(
           ^^^^^^^^^^^^^^^^^^^^
    ...<6 lines>...
    )
    ^
  File "C:\Users\sammm\Desktop\SignalRankAI\.venv\Lib\site-packages\telegram\ext\_extbot.py", line 372, in _do_post
    return await super()._do_post(
           ^^^^^^^^^^^^^^^^^^^^^^^
    ...<6 lines>...
    )
    ^
  File "C:\Users\sammm\Desktop\SignalRankAI\.venv\Lib\site-packages\telegram\_bot.py", line 732, in _do_post
    result = await request.post(
             ^^^^^^^^^^^^^^^^^^^
    ...<6 lines>...
    )
    ^
  File "C:\Users\sammm\Desktop\SignalRankAI\.venv\Lib\site-packages\telegram\request\_baserequest.py", line 198, in post
    result = await self._request_wrapper(
             ^^^^^^^^^^^^^^^^^^^^^^^^^^^^
    ...<7 lines>...
    )
    ^
  File "C:\Users\sammm\Desktop\SignalRankAI\.venv\Lib\site-packages\telegram\request\_baserequest.py", line 305, in _request_wrapper
    code, payload = await self.do_request(
                    ^^^^^^^^^^^^^^^^^^^^^^
    ...<7 lines>...
    )
    ^
  File "C:\Users\sammm\Desktop\SignalRankAI\.venv\Lib\site-packages\telegram\request\_httpxrequest.py", line 303, in do_request
    raise NetworkError(f"httpx.{err.__class__.__name__}: {err}") from err
telegram.error.NetworkError: httpx.ReadError: 
2025-12-30 22:03:51,244 ERROR No error handlers are registered, logging exception.
Traceback (most recent call last):
  File "C:\Users\sammm\Desktop\SignalRankAI\.venv\Lib\site-packages\httpx\_transports\default.py", line 101, in map_httpcore_exceptions
    yield
  File "C:\Users\sammm\Desktop\SignalRankAI\.venv\Lib\site-packages\httpx\_transports\default.py", line 394, in handle_async_request
    resp = await self._pool.handle_async_request(req)
           ^^^^^^^^^^^^^^^^^^^^^^^^^^^^^^^^^^^^^^^^^^
  File "C:\Users\sammm\Desktop\SignalRankAI\.venv\Lib\site-packages\httpcore\_async\connection_pool.py", line 256, in handle_async_request
    raise exc from None
  File "C:\Users\sammm\Desktop\SignalRankAI\.venv\Lib\site-packages\httpcore\_async\connection_pool.py", line 236, in handle_async_request
    response = await connection.handle_async_request(
               ^^^^^^^^^^^^^^^^^^^^^^^^^^^^^^^^^^^^^^
        pool_request.request
        ^^^^^^^^^^^^^^^^^^^^
    )
    ^
  File "C:\Users\sammm\Desktop\SignalRankAI\.venv\Lib\site-packages\httpcore\_async\connection.py", line 101, in handle_async_request
    raise exc
  File "C:\Users\sammm\Desktop\SignalRankAI\.venv\Lib\site-packages\httpcore\_async\connection.py", line 78, in handle_async_request
    stream = await self._connect(request)
             ^^^^^^^^^^^^^^^^^^^^^^^^^^^^
  File "C:\Users\sammm\Desktop\SignalRankAI\.venv\Lib\site-packages\httpcore\_async\connection.py", line 124, in _connect
    stream = await self._network_backend.connect_tcp(**kwargs)
             ^^^^^^^^^^^^^^^^^^^^^^^^^^^^^^^^^^^^^^^^^^^^^^^^^
  File "C:\Users\sammm\Desktop\SignalRankAI\.venv\Lib\site-packages\httpcore\_backends\auto.py", line 31, in connect_tcp
    return await self._backend.connect_tcp(
           ^^^^^^^^^^^^^^^^^^^^^^^^^^^^^^^^
    ...<5 lines>...
    )
    ^
  File "C:\Users\sammm\Desktop\SignalRankAI\.venv\Lib\site-packages\httpcore\_backends\anyio.py", line 113, in connect_tcp
    with map_exceptions(exc_map):
         ~~~~~~~~~~~~~~^^^^^^^^^
  File "C:\Program Files\WindowsApps\PythonSoftwareFoundation.Python.3.13_3.13.2544.0_x64__qbz5n2kfra8p0\Lib\contextlib.py", line 162, in __exit__
    self.gen.throw(value)
    ~~~~~~~~~~~~~~^^^^^^^
  File "C:\Users\sammm\Desktop\SignalRankAI\.venv\Lib\site-packages\httpcore\_exceptions.py", line 14, in map_exceptions
    raise to_exc(exc) from exc
httpcore.ConnectError: [Errno 11001] getaddrinfo failed

The above exception was the direct cause of the following exception:

Traceback (most recent call last):
  File "C:\Users\sammm\Desktop\SignalRankAI\.venv\Lib\site-packages\telegram\request\_httpxrequest.py", line 279, in do_request
    res = await self._client.request(
          ^^^^^^^^^^^^^^^^^^^^^^^^^^^
    ...<6 lines>...
    )
    ^
  File "C:\Users\sammm\Desktop\SignalRankAI\.venv\Lib\site-packages\httpx\_client.py", line 1540, in request
    return await self.send(request, auth=auth, follow_redirects=follow_redirects)
           ^^^^^^^^^^^^^^^^^^^^^^^^^^^^^^^^^^^^^^^^^^^^^^^^^^^^^^^^^^^^^^^^^^^^^^
  File "C:\Users\sammm\Desktop\SignalRankAI\.venv\Lib\site-packages\httpx\_client.py", line 1629, in send
    response = await self._send_handling_auth(
               ^^^^^^^^^^^^^^^^^^^^^^^^^^^^^^^
    ...<4 lines>...
    )
    ^
  File "C:\Users\sammm\Desktop\SignalRankAI\.venv\Lib\site-packages\httpx\_client.py", line 1657, in _send_handling_auth
    response = await self._send_handling_redirects(
               ^^^^^^^^^^^^^^^^^^^^^^^^^^^^^^^^^^^^
    ...<3 lines>...
    )
    ^
  File "C:\Users\sammm\Desktop\SignalRankAI\.venv\Lib\site-packages\httpx\_client.py", line 1694, in _send_handling_redirects
    response = await self._send_single_request(request)
               ^^^^^^^^^^^^^^^^^^^^^^^^^^^^^^^^^^^^^^^^
  File "C:\Users\sammm\Desktop\SignalRankAI\.venv\Lib\site-packages\httpx\_client.py", line 1730, in _send_single_request
    response = await transport.handle_async_request(request)
               ^^^^^^^^^^^^^^^^^^^^^^^^^^^^^^^^^^^^^^^^^^^^^
  File "C:\Users\sammm\Desktop\SignalRankAI\.venv\Lib\site-packages\httpx\_transports\default.py", line 393, in handle_async_request
    with map_httpcore_exceptions():
         ~~~~~~~~~~~~~~~~~~~~~~~^^
  File "C:\Program Files\WindowsApps\PythonSoftwareFoundation.Python.3.13_3.13.2544.0_x64__qbz5n2kfra8p0\Lib\contextlib.py", line 162, in __exit__
    self.gen.throw(value)
    ~~~~~~~~~~~~~~^^^^^^^
  File "C:\Users\sammm\Desktop\SignalRankAI\.venv\Lib\site-packages\httpx\_transports\default.py", line 118, in map_httpcore_exceptions
    raise mapped_exc(message) from exc
httpx.ConnectError: [Errno 11001] getaddrinfo failed

The above exception was the direct cause of the following exception:

Traceback (most recent call last):
  File "C:\Users\sammm\Desktop\SignalRankAI\.venv\Lib\site-packages\telegram\ext\_utils\networkloop.py", line 134, in network_retry_loop
    await do_action()
  File "C:\Users\sammm\Desktop\SignalRankAI\.venv\Lib\site-packages\telegram\ext\_utils\networkloop.py", line 127, in do_action
    action_cb_task.result()
    ~~~~~~~~~~~~~~~~~~~~~^^
  File "C:\Users\sammm\Desktop\SignalRankAI\.venv\Lib\site-packages\telegram\ext\_updater.py", line 340, in polling_action_cb
    updates = await self.bot.get_updates(
              ^^^^^^^^^^^^^^^^^^^^^^^^^^^
    ...<3 lines>...
    )
    ^
  File "C:\Users\sammm\Desktop\SignalRankAI\.venv\Lib\site-packages\telegram\ext\_extbot.py", line 676, in get_updates
    updates = await super().get_updates(
              ^^^^^^^^^^^^^^^^^^^^^^^^^^
    ...<9 lines>...
    )
    ^
  File "C:\Users\sammm\Desktop\SignalRankAI\.venv\Lib\site-packages\telegram\_bot.py", line 4780, in get_updates
    await self._post(
    ^^^^^^^^^^^^^^^^^
    ...<7 lines>...
    ),
    ^
  File "C:\Users\sammm\Desktop\SignalRankAI\.venv\Lib\site-packages\telegram\_bot.py", line 703, in _post
    return await self._do_post(
           ^^^^^^^^^^^^^^^^^^^^
    ...<6 lines>...
    )
    ^
  File "C:\Users\sammm\Desktop\SignalRankAI\.venv\Lib\site-packages\telegram\ext\_extbot.py", line 372, in _do_post
    return await super()._do_post(
           ^^^^^^^^^^^^^^^^^^^^^^^
    ...<6 lines>...
    )
    ^
  File "C:\Users\sammm\Desktop\SignalRankAI\.venv\Lib\site-packages\telegram\_bot.py", line 732, in _do_post
    result = await request.post(
             ^^^^^^^^^^^^^^^^^^^
    ...<6 lines>...
    )
    ^
  File "C:\Users\sammm\Desktop\SignalRankAI\.venv\Lib\site-packages\telegram\request\_baserequest.py", line 198, in post
    result = await self._request_wrapper(
             ^^^^^^^^^^^^^^^^^^^^^^^^^^^^
    ...<7 lines>...
    )
    ^
  File "C:\Users\sammm\Desktop\SignalRankAI\.venv\Lib\site-packages\telegram\request\_baserequest.py", line 305, in _request_wrapper
    code, payload = await self.do_request(
                    ^^^^^^^^^^^^^^^^^^^^^^
    ...<7 lines>...
    )
    ^
  File "C:\Users\sammm\Desktop\SignalRankAI\.venv\Lib\site-packages\telegram\request\_httpxrequest.py", line 303, in do_request
    raise NetworkError(f"httpx.{err.__class__.__name__}: {err}") from err
telegram.error.NetworkError: httpx.ConnectError: [Errno 11001] getaddrinfo failed
2025-12-30 22:03:52,748 ERROR No error handlers are registered, logging exception.
Traceback (most recent call last):
  File "C:\Users\sammm\Desktop\SignalRankAI\.venv\Lib\site-packages\httpx\_transports\default.py", line 101, in map_httpcore_exceptions
    yield
  File "C:\Users\sammm\Desktop\SignalRankAI\.venv\Lib\site-packages\httpx\_transports\default.py", line 394, in handle_async_request
    resp = await self._pool.handle_async_request(req)
           ^^^^^^^^^^^^^^^^^^^^^^^^^^^^^^^^^^^^^^^^^^
  File "C:\Users\sammm\Desktop\SignalRankAI\.venv\Lib\site-packages\httpcore\_async\connection_pool.py", line 256, in handle_async_request
    raise exc from None
  File "C:\Users\sammm\Desktop\SignalRankAI\.venv\Lib\site-packages\httpcore\_async\connection_pool.py", line 236, in handle_async_request
    response = await connection.handle_async_request(
               ^^^^^^^^^^^^^^^^^^^^^^^^^^^^^^^^^^^^^^
        pool_request.request
        ^^^^^^^^^^^^^^^^^^^^
    )
    ^
  File "C:\Users\sammm\Desktop\SignalRankAI\.venv\Lib\site-packages\httpcore\_async\connection.py", line 101, in handle_async_request
    raise exc
  File "C:\Users\sammm\Desktop\SignalRankAI\.venv\Lib\site-packages\httpcore\_async\connection.py", line 78, in handle_async_request
    stream = await self._connect(request)
             ^^^^^^^^^^^^^^^^^^^^^^^^^^^^
  File "C:\Users\sammm\Desktop\SignalRankAI\.venv\Lib\site-packages\httpcore\_async\connection.py", line 124, in _connect
    stream = await self._network_backend.connect_tcp(**kwargs)
             ^^^^^^^^^^^^^^^^^^^^^^^^^^^^^^^^^^^^^^^^^^^^^^^^^
  File "C:\Users\sammm\Desktop\SignalRankAI\.venv\Lib\site-packages\httpcore\_backends\auto.py", line 31, in connect_tcp
    return await self._backend.connect_tcp(
           ^^^^^^^^^^^^^^^^^^^^^^^^^^^^^^^^
    ...<5 lines>...
    )
    ^
  File "C:\Users\sammm\Desktop\SignalRankAI\.venv\Lib\site-packages\httpcore\_backends\anyio.py", line 113, in connect_tcp
    with map_exceptions(exc_map):
         ~~~~~~~~~~~~~~^^^^^^^^^
  File "C:\Program Files\WindowsApps\PythonSoftwareFoundation.Python.3.13_3.13.2544.0_x64__qbz5n2kfra8p0\Lib\contextlib.py", line 162, in __exit__
    self.gen.throw(value)
    ~~~~~~~~~~~~~~^^^^^^^
  File "C:\Users\sammm\Desktop\SignalRankAI\.venv\Lib\site-packages\httpcore\_exceptions.py", line 14, in map_exceptions
    raise to_exc(exc) from exc
httpcore.ConnectError: [Errno 11001] getaddrinfo failed

The above exception was the direct cause of the following exception:

Traceback (most recent call last):
  File "C:\Users\sammm\Desktop\SignalRankAI\.venv\Lib\site-packages\telegram\request\_httpxrequest.py", line 279, in do_request
    res = await self._client.request(
          ^^^^^^^^^^^^^^^^^^^^^^^^^^^
    ...<6 lines>...
    )
    ^
  File "C:\Users\sammm\Desktop\SignalRankAI\.venv\Lib\site-packages\httpx\_client.py", line 1540, in request
    return await self.send(request, auth=auth, follow_redirects=follow_redirects)
           ^^^^^^^^^^^^^^^^^^^^^^^^^^^^^^^^^^^^^^^^^^^^^^^^^^^^^^^^^^^^^^^^^^^^^^
  File "C:\Users\sammm\Desktop\SignalRankAI\.venv\Lib\site-packages\httpx\_client.py", line 1629, in send
    response = await self._send_handling_auth(
               ^^^^^^^^^^^^^^^^^^^^^^^^^^^^^^^
    ...<4 lines>...
    )
    ^
  File "C:\Users\sammm\Desktop\SignalRankAI\.venv\Lib\site-packages\httpx\_client.py", line 1657, in _send_handling_auth
    response = await self._send_handling_redirects(
               ^^^^^^^^^^^^^^^^^^^^^^^^^^^^^^^^^^^^
    ...<3 lines>...
    )
    ^
  File "C:\Users\sammm\Desktop\SignalRankAI\.venv\Lib\site-packages\httpx\_client.py", line 1694, in _send_handling_redirects
    response = await self._send_single_request(request)
               ^^^^^^^^^^^^^^^^^^^^^^^^^^^^^^^^^^^^^^^^
  File "C:\Users\sammm\Desktop\SignalRankAI\.venv\Lib\site-packages\httpx\_client.py", line 1730, in _send_single_request
    response = await transport.handle_async_request(request)
               ^^^^^^^^^^^^^^^^^^^^^^^^^^^^^^^^^^^^^^^^^^^^^
  File "C:\Users\sammm\Desktop\SignalRankAI\.venv\Lib\site-packages\httpx\_transports\default.py", line 393, in handle_async_request
    with map_httpcore_exceptions():
         ~~~~~~~~~~~~~~~~~~~~~~~^^
  File "C:\Program Files\WindowsApps\PythonSoftwareFoundation.Python.3.13_3.13.2544.0_x64__qbz5n2kfra8p0\Lib\contextlib.py", line 162, in __exit__
    self.gen.throw(value)
    ~~~~~~~~~~~~~~^^^^^^^
  File "C:\Users\sammm\Desktop\SignalRankAI\.venv\Lib\site-packages\httpx\_transports\default.py", line 118, in map_httpcore_exceptions
    raise mapped_exc(message) from exc
httpx.ConnectError: [Errno 11001] getaddrinfo failed

The above exception was the direct cause of the following exception:

Traceback (most recent call last):
  File "C:\Users\sammm\Desktop\SignalRankAI\.venv\Lib\site-packages\telegram\ext\_utils\networkloop.py", line 134, in network_retry_loop
    await do_action()
  File "C:\Users\sammm\Desktop\SignalRankAI\.venv\Lib\site-packages\telegram\ext\_utils\networkloop.py", line 127, in do_action
    action_cb_task.result()
    ~~~~~~~~~~~~~~~~~~~~~^^
  File "C:\Users\sammm\Desktop\SignalRankAI\.venv\Lib\site-packages\telegram\ext\_updater.py", line 340, in polling_action_cb
    updates = await self.bot.get_updates(
              ^^^^^^^^^^^^^^^^^^^^^^^^^^^
    ...<3 lines>...
    )
    ^
  File "C:\Users\sammm\Desktop\SignalRankAI\.venv\Lib\site-packages\telegram\ext\_extbot.py", line 676, in get_updates
    updates = await super().get_updates(
              ^^^^^^^^^^^^^^^^^^^^^^^^^^
    ...<9 lines>...
    )
    ^
  File "C:\Users\sammm\Desktop\SignalRankAI\.venv\Lib\site-packages\telegram\_bot.py", line 4780, in get_updates
    await self._post(
    ^^^^^^^^^^^^^^^^^
    ...<7 lines>...
    ),
    ^
  File "C:\Users\sammm\Desktop\SignalRankAI\.venv\Lib\site-packages\telegram\_bot.py", line 703, in _post
    return await self._do_post(
           ^^^^^^^^^^^^^^^^^^^^
    ...<6 lines>...
    )
    ^
  File "C:\Users\sammm\Desktop\SignalRankAI\.venv\Lib\site-packages\telegram\ext\_extbot.py", line 372, in _do_post
    return await super()._do_post(
           ^^^^^^^^^^^^^^^^^^^^^^^
    ...<6 lines>...
    )
    ^
  File "C:\Users\sammm\Desktop\SignalRankAI\.venv\Lib\site-packages\telegram\_bot.py", line 732, in _do_post
    result = await request.post(
             ^^^^^^^^^^^^^^^^^^^
    ...<6 lines>...
    )
    ^
  File "C:\Users\sammm\Desktop\SignalRankAI\.venv\Lib\site-packages\telegram\request\_baserequest.py", line 198, in post
    result = await self._request_wrapper(
             ^^^^^^^^^^^^^^^^^^^^^^^^^^^^
    ...<7 lines>...
    )
    ^
  File "C:\Users\sammm\Desktop\SignalRankAI\.venv\Lib\site-packages\telegram\request\_baserequest.py", line 305, in _request_wrapper
    code, payload = await self.do_request(
                    ^^^^^^^^^^^^^^^^^^^^^^
    ...<7 lines>...
    )
    ^
  File "C:\Users\sammm\Desktop\SignalRankAI\.venv\Lib\site-packages\telegram\request\_httpxrequest.py", line 303, in do_request
    raise NetworkError(f"httpx.{err.__class__.__name__}: {err}") from err
telegram.error.NetworkError: httpx.ConnectError: [Errno 11001] getaddrinfo failed
2025-12-30 22:03:55,005 ERROR No error handlers are registered, logging exception.
Traceback (most recent call last):
  File "C:\Users\sammm\Desktop\SignalRankAI\.venv\Lib\site-packages\httpx\_transports\default.py", line 101, in map_httpcore_exceptions
    yield
  File "C:\Users\sammm\Desktop\SignalRankAI\.venv\Lib\site-packages\httpx\_transports\default.py", line 394, in handle_async_request
    resp = await self._pool.handle_async_request(req)
           ^^^^^^^^^^^^^^^^^^^^^^^^^^^^^^^^^^^^^^^^^^
  File "C:\Users\sammm\Desktop\SignalRankAI\.venv\Lib\site-packages\httpcore\_async\connection_pool.py", line 256, in handle_async_request
    raise exc from None
  File "C:\Users\sammm\Desktop\SignalRankAI\.venv\Lib\site-packages\httpcore\_async\connection_pool.py", line 236, in handle_async_request
    response = await connection.handle_async_request(
               ^^^^^^^^^^^^^^^^^^^^^^^^^^^^^^^^^^^^^^
        pool_request.request
        ^^^^^^^^^^^^^^^^^^^^
    )
    ^
  File "C:\Users\sammm\Desktop\SignalRankAI\.venv\Lib\site-packages\httpcore\_async\connection.py", line 101, in handle_async_request
    raise exc
  File "C:\Users\sammm\Desktop\SignalRankAI\.venv\Lib\site-packages\httpcore\_async\connection.py", line 78, in handle_async_request
    stream = await self._connect(request)
             ^^^^^^^^^^^^^^^^^^^^^^^^^^^^
  File "C:\Users\sammm\Desktop\SignalRankAI\.venv\Lib\site-packages\httpcore\_async\connection.py", line 124, in _connect
    stream = await self._network_backend.connect_tcp(**kwargs)
             ^^^^^^^^^^^^^^^^^^^^^^^^^^^^^^^^^^^^^^^^^^^^^^^^^
  File "C:\Users\sammm\Desktop\SignalRankAI\.venv\Lib\site-packages\httpcore\_backends\auto.py", line 31, in connect_tcp
    return await self._backend.connect_tcp(
           ^^^^^^^^^^^^^^^^^^^^^^^^^^^^^^^^
    ...<5 lines>...
    )
    ^
  File "C:\Users\sammm\Desktop\SignalRankAI\.venv\Lib\site-packages\httpcore\_backends\anyio.py", line 113, in connect_tcp
    with map_exceptions(exc_map):
         ~~~~~~~~~~~~~~^^^^^^^^^
  File "C:\Program Files\WindowsApps\PythonSoftwareFoundation.Python.3.13_3.13.2544.0_x64__qbz5n2kfra8p0\Lib\contextlib.py", line 162, in __exit__
    self.gen.throw(value)
    ~~~~~~~~~~~~~~^^^^^^^
  File "C:\Users\sammm\Desktop\SignalRankAI\.venv\Lib\site-packages\httpcore\_exceptions.py", line 14, in map_exceptions
    raise to_exc(exc) from exc
httpcore.ConnectError: [Errno 11001] getaddrinfo failed

The above exception was the direct cause of the following exception:

Traceback (most recent call last):
  File "C:\Users\sammm\Desktop\SignalRankAI\.venv\Lib\site-packages\telegram\request\_httpxrequest.py", line 279, in do_request
    res = await self._client.request(
          ^^^^^^^^^^^^^^^^^^^^^^^^^^^
    ...<6 lines>...
    )
    ^
  File "C:\Users\sammm\Desktop\SignalRankAI\.venv\Lib\site-packages\httpx\_client.py", line 1540, in request
    return await self.send(request, auth=auth, follow_redirects=follow_redirects)
           ^^^^^^^^^^^^^^^^^^^^^^^^^^^^^^^^^^^^^^^^^^^^^^^^^^^^^^^^^^^^^^^^^^^^^^
  File "C:\Users\sammm\Desktop\SignalRankAI\.venv\Lib\site-packages\httpx\_client.py", line 1629, in send
    response = await self._send_handling_auth(
               ^^^^^^^^^^^^^^^^^^^^^^^^^^^^^^^
    ...<4 lines>...
    )
    ^
  File "C:\Users\sammm\Desktop\SignalRankAI\.venv\Lib\site-packages\httpx\_client.py", line 1657, in _send_handling_auth
    response = await self._send_handling_redirects(
               ^^^^^^^^^^^^^^^^^^^^^^^^^^^^^^^^^^^^
    ...<3 lines>...
    )
    ^
  File "C:\Users\sammm\Desktop\SignalRankAI\.venv\Lib\site-packages\httpx\_client.py", line 1694, in _send_handling_redirects
    response = await self._send_single_request(request)
               ^^^^^^^^^^^^^^^^^^^^^^^^^^^^^^^^^^^^^^^^
  File "C:\Users\sammm\Desktop\SignalRankAI\.venv\Lib\site-packages\httpx\_client.py", line 1730, in _send_single_request
    response = await transport.handle_async_request(request)
               ^^^^^^^^^^^^^^^^^^^^^^^^^^^^^^^^^^^^^^^^^^^^^
  File "C:\Users\sammm\Desktop\SignalRankAI\.venv\Lib\site-packages\httpx\_transports\default.py", line 393, in handle_async_request
    with map_httpcore_exceptions():
         ~~~~~~~~~~~~~~~~~~~~~~~^^
  File "C:\Program Files\WindowsApps\PythonSoftwareFoundation.Python.3.13_3.13.2544.0_x64__qbz5n2kfra8p0\Lib\contextlib.py", line 162, in __exit__
    self.gen.throw(value)
    ~~~~~~~~~~~~~~^^^^^^^
  File "C:\Users\sammm\Desktop\SignalRankAI\.venv\Lib\site-packages\httpx\_transports\default.py", line 118, in map_httpcore_exceptions
    raise mapped_exc(message) from exc
httpx.ConnectError: [Errno 11001] getaddrinfo failed

The above exception was the direct cause of the following exception:

Traceback (most recent call last):
  File "C:\Users\sammm\Desktop\SignalRankAI\.venv\Lib\site-packages\telegram\ext\_utils\networkloop.py", line 134, in network_retry_loop
    await do_action()
  File "C:\Users\sammm\Desktop\SignalRankAI\.venv\Lib\site-packages\telegram\ext\_utils\networkloop.py", line 127, in do_action
    action_cb_task.result()
    ~~~~~~~~~~~~~~~~~~~~~^^
  File "C:\Users\sammm\Desktop\SignalRankAI\.venv\Lib\site-packages\telegram\ext\_updater.py", line 340, in polling_action_cb
    updates = await self.bot.get_updates(
              ^^^^^^^^^^^^^^^^^^^^^^^^^^^
    ...<3 lines>...
    )
    ^
  File "C:\Users\sammm\Desktop\SignalRankAI\.venv\Lib\site-packages\telegram\ext\_extbot.py", line 676, in get_updates
    updates = await super().get_updates(
              ^^^^^^^^^^^^^^^^^^^^^^^^^^
    ...<9 lines>...
    )
    ^
  File "C:\Users\sammm\Desktop\SignalRankAI\.venv\Lib\site-packages\telegram\_bot.py", line 4780, in get_updates
    await self._post(
    ^^^^^^^^^^^^^^^^^
    ...<7 lines>...
    ),
    ^
  File "C:\Users\sammm\Desktop\SignalRankAI\.venv\Lib\site-packages\telegram\_bot.py", line 703, in _post
    return await self._do_post(
           ^^^^^^^^^^^^^^^^^^^^
    ...<6 lines>...
    )
    ^
  File "C:\Users\sammm\Desktop\SignalRankAI\.venv\Lib\site-packages\telegram\ext\_extbot.py", line 372, in _do_post
    return await super()._do_post(
           ^^^^^^^^^^^^^^^^^^^^^^^
    ...<6 lines>...
    )
    ^
  File "C:\Users\sammm\Desktop\SignalRankAI\.venv\Lib\site-packages\telegram\_bot.py", line 732, in _do_post
    result = await request.post(
             ^^^^^^^^^^^^^^^^^^^
    ...<6 lines>...
    )
    ^
  File "C:\Users\sammm\Desktop\SignalRankAI\.venv\Lib\site-packages\telegram\request\_baserequest.py", line 198, in post
    result = await self._request_wrapper(
             ^^^^^^^^^^^^^^^^^^^^^^^^^^^^
    ...<7 lines>...
    )
    ^
  File "C:\Users\sammm\Desktop\SignalRankAI\.venv\Lib\site-packages\telegram\request\_baserequest.py", line 305, in _request_wrapper
    code, payload = await self.do_request(
                    ^^^^^^^^^^^^^^^^^^^^^^
    ...<7 lines>...
    )
    ^
  File "C:\Users\sammm\Desktop\SignalRankAI\.venv\Lib\site-packages\telegram\request\_httpxrequest.py", line 303, in do_request
    raise NetworkError(f"httpx.{err.__class__.__name__}: {err}") from err
telegram.error.NetworkError: httpx.ConnectError: [Errno 11001] getaddrinfo failed
2025-12-30 22:04:17,306 INFO HTTP Request: POST https://api.telegram.org/bot8063034474:AAFLhCbLJYNHUaSfqJWEgqGxMiSiK_MUqJY/getUpdates "HTTP/1.1 200 OK"
2025-12-30 22:04:28,408 INFO HTTP Request: POST https://api.telegram.org/bot8063034474:AAFLhCbLJYNHUaSfqJWEgqGxMiSiK_MUqJY/getUpdates "HTTP/1.1 200 OK"
2025-12-30 22:04:41,908 INFO HTTP Request: POST https://api.telegram.org/bot8063034474:AAFLhCbLJYNHUaSfqJWEgqGxMiSiK_MUqJY/getUpdates "HTTP/1.1 200 OK"
2025-12-30 22:04:53,773 INFO HTTP Request: POST https://api.telegram.org/bot8063034474:AAFLhCbLJYNHUaSfqJWEgqGxMiSiK_MUqJY/getUpdates "HTTP/1.1 200 OK"
2025-12-30 22:05:05,296 INFO HTTP Request: POST https://api.telegram.org/bot8063034474:AAFLhCbLJYNHUaSfqJWEgqGxMiSiK_MUqJY/getUpdates "HTTP/1.1 200 OK"
2025-12-30 22:05:18,304 INFO HTTP Request: POST https://api.telegram.org/bot8063034474:AAFLhCbLJYNHUaSfqJWEgqGxMiSiK_MUqJY/getUpdates "HTTP/1.1 200 OK"
2025-12-30 22:05:28,577 INFO HTTP Request: POST https://api.telegram.org/bot8063034474:AAFLhCbLJYNHUaSfqJWEgqGxMiSiK_MUqJY/getUpdates "HTTP/1.1 200 OK"
2025-12-30 22:07:05,046 INFO HTTP Request: POST https://api.telegram.org/bot8063034474:AAFLhCbLJYNHUaSfqJWEgqGxMiSiK_MUqJY/getUpdates "HTTP/1.1 200 OK"
2025-12-30 22:07:15,190 INFO HTTP Request: POST https://api.telegram.org/bot8063034474:AAFLhCbLJYNHUaSfqJWEgqGxMiSiK_MUqJY/getUpdates "HTTP/1.1 200 OK"
2025-12-30 22:07:29,787 INFO HTTP Request: POST https://api.telegram.org/bot8063034474:AAFLhCbLJYNHUaSfqJWEgqGxMiSiK_MUqJY/getUpdates "HTTP/1.1 200 OK"
2025-12-30 22:07:39,952 INFO HTTP Request: POST https://api.telegram.org/bot8063034474:AAFLhCbLJYNHUaSfqJWEgqGxMiSiK_MUqJY/getUpdates "HTTP/1.1 200 OK"
2025-12-30 22:07:50,078 INFO HTTP Request: POST https://api.telegram.org/bot8063034474:AAFLhCbLJYNHUaSfqJWEgqGxMiSiK_MUqJY/getUpdates "HTTP/1.1 200 OK"
2025-12-30 22:08:00,250 INFO HTTP Request: POST https://api.telegram.org/bot8063034474:AAFLhCbLJYNHUaSfqJWEgqGxMiSiK_MUqJY/getUpdates "HTTP/1.1 200 OK"
2025-12-30 22:08:10,373 INFO HTTP Request: POST https://api.telegram.org/bot8063034474:AAFLhCbLJYNHUaSfqJWEgqGxMiSiK_MUqJY/getUpdates "HTTP/1.1 200 OK"
2025-12-30 22:08:20,515 INFO HTTP Request: POST https://api.telegram.org/bot8063034474:AAFLhCbLJYNHUaSfqJWEgqGxMiSiK_MUqJY/getUpdates "HTTP/1.1 200 OK"
2025-12-30 22:08:31,480 INFO HTTP Request: POST https://api.telegram.org/bot8063034474:AAFLhCbLJYNHUaSfqJWEgqGxMiSiK_MUqJY/getUpdates "HTTP/1.1 200 OK"
2025-12-30 22:08:41,869 INFO HTTP Request: POST https://api.telegram.org/bot8063034474:AAFLhCbLJYNHUaSfqJWEgqGxMiSiK_MUqJY/getUpdates "HTTP/1.1 200 OK"
2025-12-30 22:08:52,059 INFO HTTP Request: POST https://api.telegram.org/bot8063034474:AAFLhCbLJYNHUaSfqJWEgqGxMiSiK_MUqJY/getUpdates "HTTP/1.1 200 OK"
2025-12-30 22:09:02,630 INFO HTTP Request: POST https://api.telegram.org/bot8063034474:AAFLhCbLJYNHUaSfqJWEgqGxMiSiK_MUqJY/getUpdates "HTTP/1.1 200 OK"
2025-12-30 22:09:12,783 INFO HTTP Request: POST https://api.telegram.org/bot8063034474:AAFLhCbLJYNHUaSfqJWEgqGxMiSiK_MUqJY/getUpdates "HTTP/1.1 200 OK"
2025-12-30 22:09:23,275 INFO HTTP Request: POST https://api.telegram.org/bot8063034474:AAFLhCbLJYNHUaSfqJWEgqGxMiSiK_MUqJY/getUpdates "HTTP/1.1 200 OK"
2025-12-30 22:09:33,625 INFO HTTP Request: POST https://api.telegram.org/bot8063034474:AAFLhCbLJYNHUaSfqJWEgqGxMiSiK_MUqJY/getUpdates "HTTP/1.1 200 OK"
2025-12-30 22:09:43,760 INFO HTTP Request: POST https://api.telegram.org/bot8063034474:AAFLhCbLJYNHUaSfqJWEgqGxMiSiK_MUqJY/getUpdates "HTTP/1.1 200 OK"
2025-12-30 22:09:58,278 INFO HTTP Request: POST https://api.telegram.org/bot8063034474:AAFLhCbLJYNHUaSfqJWEgqGxMiSiK_MUqJY/getUpdates "HTTP/1.1 200 OK"
2025-12-30 22:10:32,593 INFO HTTP Request: POST https://api.telegram.org/bot8063034474:AAFLhCbLJYNHUaSfqJWEgqGxMiSiK_MUqJY/getUpdates "HTTP/1.1 200 OK"
2025-12-30 22:10:43,227 INFO HTTP Request: POST https://api.telegram.org/bot8063034474:AAFLhCbLJYNHUaSfqJWEgqGxMiSiK_MUqJY/getUpdates "HTTP/1.1 200 OK"
2025-12-30 22:10:53,357 INFO HTTP Request: POST https://api.telegram.org/bot8063034474:AAFLhCbLJYNHUaSfqJWEgqGxMiSiK_MUqJY/getUpdates "HTTP/1.1 200 OK"
2025-12-30 22:11:04,021 INFO HTTP Request: POST https://api.telegram.org/bot8063034474:AAFLhCbLJYNHUaSfqJWEgqGxMiSiK_MUqJY/getUpdates "HTTP/1.1 200 OK"
2025-12-30 22:11:14,277 INFO HTTP Request: POST https://api.telegram.org/bot8063034474:AAFLhCbLJYNHUaSfqJWEgqGxMiSiK_MUqJY/getUpdates "HTTP/1.1 200 OK"
2025-12-30 22:11:24,547 INFO HTTP Request: POST https://api.telegram.org/bot8063034474:AAFLhCbLJYNHUaSfqJWEgqGxMiSiK_MUqJY/getUpdates "HTTP/1.1 200 OK"
2025-12-30 22:11:34,978 INFO HTTP Request: POST https://api.telegram.org/bot8063034474:AAFLhCbLJYNHUaSfqJWEgqGxMiSiK_MUqJY/getUpdates "HTTP/1.1 200 OK"
2025-12-30 22:11:47,465 INFO HTTP Request: POST https://api.telegram.org/bot8063034474:AAFLhCbLJYNHUaSfqJWEgqGxMiSiK_MUqJY/getUpdates "HTTP/1.1 200 OK"
2025-12-30 22:12:21,605 INFO HTTP Request: POST https://api.telegram.org/bot8063034474:AAFLhCbLJYNHUaSfqJWEgqGxMiSiK_MUqJY/getUpdates "HTTP/1.1 200 OK"
2025-12-30 22:12:31,737 INFO HTTP Request: POST https://api.telegram.org/bot8063034474:AAFLhCbLJYNHUaSfqJWEgqGxMiSiK_MUqJY/getUpdates "HTTP/1.1 200 OK"
2025-12-30 22:12:41,936 INFO HTTP Request: POST https://api.telegram.org/bot8063034474:AAFLhCbLJYNHUaSfqJWEgqGxMiSiK_MUqJY/getUpdates "HTTP/1.1 200 OK"
2025-12-30 22:12:52,055 INFO HTTP Request: POST https://api.telegram.org/bot8063034474:AAFLhCbLJYNHUaSfqJWEgqGxMiSiK_MUqJY/getUpdates "HTTP/1.1 200 OK"
2025-12-30 22:13:01,435 INFO HTTP Request: POST https://api.telegram.org/bot8063034474:AAFLhCbLJYNHUaSfqJWEgqGxMiSiK_MUqJY/getUpdates "HTTP/1.1 200 OK"
2025-12-30 22:13:01,436 INFO Application is stopping. This might take a moment.
2025-12-30 22:13:01,436 INFO Application.stop() complete
2026-01-01 02:10:34,861 WARNING KILL SWITCH ENABLED by 1: test
2026-01-01 02:10:34,862 INFO KILL SWITCH DISABLED by 1
2026-01-01 02:10:34,862 INFO EVENT: test_event | user_id=1 | details={'foo': 'bar'}
2026-01-01 02:10:34,865 WARNING KILL SWITCH ENABLED by 1: test
2026-01-01 02:10:34,865 INFO KILL SWITCH DISABLED by 1
2026-01-01 02:10:34,866 WARNING KILL SWITCH ENABLED by 1: test
2026-01-01 02:10:34,866 INFO KILL SWITCH DISABLED by 1
2026-01-01 02:11:24,747 WARNING KILL SWITCH ENABLED by 1: test
2026-01-01 02:11:24,748 INFO KILL SWITCH DISABLED by 1
2026-01-01 02:11:24,748 INFO EVENT: test_event | user_id=1 | details={'foo': 'bar'}
2026-01-01 02:11:24,749 WARNING KILL SWITCH ENABLED by 1: test
2026-01-01 02:11:24,749 INFO KILL SWITCH DISABLED by 1
2026-01-01 02:11:24,750 WARNING KILL SWITCH ENABLED by 1: test
2026-01-01 02:11:24,750 INFO KILL SWITCH DISABLED by 1
2026-01-01 02:11:49,255 WARNING KILL SWITCH ENABLED by 1: test
2026-01-01 02:11:49,255 INFO KILL SWITCH DISABLED by 1
2026-01-01 02:11:49,255 INFO EVENT: test_event | user_id=1 | details={'foo': 'bar'}
2026-01-01 02:11:49,256 WARNING KILL SWITCH ENABLED by 1: test
2026-01-01 02:11:49,256 INFO KILL SWITCH DISABLED by 1
2026-01-01 02:11:49,257 WARNING KILL SWITCH ENABLED by 1: test
2026-01-01 02:11:49,257 INFO KILL SWITCH DISABLED by 1
2026-01-01 02:18:00,124 WARNING KILL SWITCH ENABLED by 1: test
2026-01-01 02:18:00,124 INFO KILL SWITCH DISABLED by 1
2026-01-01 02:18:00,124 INFO EVENT: test_event | user_id=1 | details={'foo': 'bar'}
2026-01-01 02:18:00,125 WARNING KILL SWITCH ENABLED by 1: test
2026-01-01 02:18:00,125 INFO KILL SWITCH DISABLED by 1
2026-01-01 02:18:00,126 WARNING KILL SWITCH ENABLED by 1: test
2026-01-01 02:18:00,126 INFO KILL SWITCH DISABLED by 1
2026-01-01 02:18:08,584 WARNING KILL SWITCH ENABLED by 1: test
2026-01-01 02:18:08,584 INFO KILL SWITCH DISABLED by 1
2026-01-01 02:18:08,584 INFO EVENT: test_event | user_id=1 | details={'foo': 'bar'}
2026-01-01 02:18:08,585 WARNING KILL SWITCH ENABLED by 1: test
2026-01-01 02:18:08,586 INFO KILL SWITCH DISABLED by 1
2026-01-01 02:18:08,586 WARNING KILL SWITCH ENABLED by 1: test
2026-01-01 02:18:08,586 INFO KILL SWITCH DISABLED by 1
2026-01-01 02:45:09,614 WARNING KILL SWITCH ENABLED by 1: test
2026-01-01 02:45:09,614 WARNING KILL SWITCH ENABLED by 1: test
2026-01-01 02:45:09,614 INFO KILL SWITCH DISABLED by 1
2026-01-01 02:45:09,614 INFO KILL SWITCH DISABLED by 1
2026-01-01 02:45:09,615 INFO EVENT: test_event | user_id=1 | details={'foo': 'bar'}
2026-01-01 02:45:09,615 INFO EVENT: test_event | user_id=1 | details={'foo': 'bar'}
2026-01-01 02:45:09,615 WARNING KILL SWITCH ENABLED by 1: test
2026-01-01 02:45:09,615 WARNING KILL SWITCH ENABLED by 1: test
2026-01-01 02:45:09,615 INFO KILL SWITCH DISABLED by 1
2026-01-01 02:45:09,615 INFO KILL SWITCH DISABLED by 1
2026-01-01 02:45:09,615 WARNING KILL SWITCH ENABLED by 1: test
2026-01-01 02:45:09,615 WARNING KILL SWITCH ENABLED by 1: test
2026-01-01 02:45:09,615 INFO KILL SWITCH DISABLED by 1
2026-01-01 02:45:09,615 INFO KILL SWITCH DISABLED by 1
2026-01-01 02:51:32,491 WARNING KILL SWITCH ENABLED by 1: test
2026-01-01 02:51:32,491 WARNING KILL SWITCH ENABLED by 1: test
2026-01-01 02:51:32,491 INFO KILL SWITCH DISABLED by 1
2026-01-01 02:51:32,491 INFO KILL SWITCH DISABLED by 1
2026-01-01 02:51:32,491 INFO EVENT: test_event | user_id=1 | details={'foo': 'bar'}
2026-01-01 02:51:32,491 INFO EVENT: test_event | user_id=1 | details={'foo': 'bar'}
2026-01-01 02:51:32,491 WARNING KILL SWITCH ENABLED by 1: test
2026-01-01 02:51:32,491 WARNING KILL SWITCH ENABLED by 1: test
2026-01-01 02:51:32,491 INFO KILL SWITCH DISABLED by 1
2026-01-01 02:51:32,491 INFO KILL SWITCH DISABLED by 1
2026-01-01 02:51:32,492 WARNING KILL SWITCH ENABLED by 1: test
2026-01-01 02:51:32,492 WARNING KILL SWITCH ENABLED by 1: test
2026-01-01 02:51:32,492 INFO KILL SWITCH DISABLED by 1
2026-01-01 02:51:32,492 INFO KILL SWITCH DISABLED by 1
2026-01-01 02:53:52,301 WARNING KILL SWITCH ENABLED by 1: test
2026-01-01 02:53:52,301 WARNING KILL SWITCH ENABLED by 1: test
2026-01-01 02:53:52,301 INFO KILL SWITCH DISABLED by 1
2026-01-01 02:53:52,301 INFO KILL SWITCH DISABLED by 1
2026-01-01 02:53:52,301 INFO EVENT: test_event | user_id=1 | details={'foo': 'bar'}
2026-01-01 02:53:52,301 INFO EVENT: test_event | user_id=1 | details={'foo': 'bar'}
2026-01-01 02:53:52,302 WARNING KILL SWITCH ENABLED by 1: test
2026-01-01 02:53:52,302 WARNING KILL SWITCH ENABLED by 1: test
2026-01-01 02:53:52,302 INFO KILL SWITCH DISABLED by 1
2026-01-01 02:53:52,302 INFO KILL SWITCH DISABLED by 1
2026-01-01 02:53:52,302 WARNING KILL SWITCH ENABLED by 1: test
2026-01-01 02:53:52,302 WARNING KILL SWITCH ENABLED by 1: test
2026-01-01 02:53:52,302 INFO KILL SWITCH DISABLED by 1
2026-01-01 02:53:52,302 INFO KILL SWITCH DISABLED by 1
2026-01-01 02:54:36,154 WARNING KILL SWITCH ENABLED by 1: test
2026-01-01 02:54:36,154 WARNING KILL SWITCH ENABLED by 1: test
2026-01-01 02:54:36,154 INFO KILL SWITCH DISABLED by 1
2026-01-01 02:54:36,154 INFO KILL SWITCH DISABLED by 1
2026-01-01 02:54:36,154 INFO EVENT: test_event | user_id=1 | details={'foo': 'bar'}
2026-01-01 02:54:36,154 INFO EVENT: test_event | user_id=1 | details={'foo': 'bar'}
2026-01-01 02:54:36,154 WARNING KILL SWITCH ENABLED by 1: test
2026-01-01 02:54:36,154 WARNING KILL SWITCH ENABLED by 1: test
2026-01-01 02:54:36,154 INFO KILL SWITCH DISABLED by 1
2026-01-01 02:54:36,154 INFO KILL SWITCH DISABLED by 1
2026-01-01 02:54:36,154 WARNING KILL SWITCH ENABLED by 1: test
2026-01-01 02:54:36,154 WARNING KILL SWITCH ENABLED by 1: test
2026-01-01 02:54:36,155 INFO KILL SWITCH DISABLED by 1
2026-01-01 02:54:36,155 INFO KILL SWITCH DISABLED by 1
2026-01-01 02:56:28,220 WARNING KILL SWITCH ENABLED by 1: test
2026-01-01 02:56:28,220 WARNING KILL SWITCH ENABLED by 1: test
2026-01-01 02:56:28,220 INFO KILL SWITCH DISABLED by 1
2026-01-01 02:56:28,220 INFO KILL SWITCH DISABLED by 1
2026-01-01 02:56:28,220 INFO EVENT: test_event | user_id=1 | details={'foo': 'bar'}
2026-01-01 02:56:28,220 INFO EVENT: test_event | user_id=1 | details={'foo': 'bar'}
2026-01-01 02:56:28,220 WARNING KILL SWITCH ENABLED by 1: test
2026-01-01 02:56:28,220 WARNING KILL SWITCH ENABLED by 1: test
2026-01-01 02:56:28,220 INFO KILL SWITCH DISABLED by 1
2026-01-01 02:56:28,220 INFO KILL SWITCH DISABLED by 1
2026-01-01 02:56:28,220 WARNING KILL SWITCH ENABLED by 1: test
2026-01-01 02:56:28,220 WARNING KILL SWITCH ENABLED by 1: test
2026-01-01 02:56:28,220 INFO KILL SWITCH DISABLED by 1
2026-01-01 02:56:28,220 INFO KILL SWITCH DISABLED by 1
2026-01-01 02:57:02,389 WARNING KILL SWITCH ENABLED by 1: test
2026-01-01 02:57:02,389 WARNING KILL SWITCH ENABLED by 1: test
2026-01-01 02:57:02,389 INFO KILL SWITCH DISABLED by 1
2026-01-01 02:57:02,389 INFO KILL SWITCH DISABLED by 1
2026-01-01 02:57:02,389 INFO EVENT: test_event | user_id=1 | details={'foo': 'bar'}
2026-01-01 02:57:02,389 INFO EVENT: test_event | user_id=1 | details={'foo': 'bar'}
2026-01-01 02:57:02,389 WARNING KILL SWITCH ENABLED by 1: test
2026-01-01 02:57:02,389 WARNING KILL SWITCH ENABLED by 1: test
2026-01-01 02:57:02,389 INFO KILL SWITCH DISABLED by 1
2026-01-01 02:57:02,389 INFO KILL SWITCH DISABLED by 1
2026-01-01 02:57:02,390 WARNING KILL SWITCH ENABLED by 1: test
2026-01-01 02:57:02,390 WARNING KILL SWITCH ENABLED by 1: test
2026-01-01 02:57:02,390 INFO KILL SWITCH DISABLED by 1
2026-01-01 02:57:02,390 INFO KILL SWITCH DISABLED by 1
2026-01-01 03:02:38,334 WARNING KILL SWITCH ENABLED by 1: test
2026-01-01 03:02:38,334 WARNING KILL SWITCH ENABLED by 1: test
2026-01-01 03:02:38,334 INFO KILL SWITCH DISABLED by 1
2026-01-01 03:02:38,334 INFO KILL SWITCH DISABLED by 1
2026-01-01 03:02:38,334 INFO EVENT: test_event | user_id=1 | details={'foo': 'bar'}
2026-01-01 03:02:38,334 INFO EVENT: test_event | user_id=1 | details={'foo': 'bar'}
2026-01-01 03:02:38,334 WARNING KILL SWITCH ENABLED by 1: test
2026-01-01 03:02:38,334 WARNING KILL SWITCH ENABLED by 1: test
2026-01-01 03:02:38,334 INFO KILL SWITCH DISABLED by 1
2026-01-01 03:02:38,334 INFO KILL SWITCH DISABLED by 1
2026-01-01 03:02:38,335 WARNING KILL SWITCH ENABLED by 1: test
2026-01-01 03:02:38,335 WARNING KILL SWITCH ENABLED by 1: test
2026-01-01 03:02:38,335 INFO KILL SWITCH DISABLED by 1
2026-01-01 03:02:38,335 INFO KILL SWITCH DISABLED by 1
2026-01-01 03:05:52,268 WARNING KILL SWITCH ENABLED by 1: test
2026-01-01 03:05:52,268 WARNING KILL SWITCH ENABLED by 1: test
2026-01-01 03:05:52,268 INFO KILL SWITCH DISABLED by 1
2026-01-01 03:05:52,268 INFO KILL SWITCH DISABLED by 1
2026-01-01 03:05:52,268 INFO EVENT: test_event | user_id=1 | details={'foo': 'bar'}
2026-01-01 03:05:52,268 INFO EVENT: test_event | user_id=1 | details={'foo': 'bar'}
2026-01-01 03:05:52,269 WARNING KILL SWITCH ENABLED by 1: test
2026-01-01 03:05:52,269 WARNING KILL SWITCH ENABLED by 1: test
2026-01-01 03:05:52,269 INFO KILL SWITCH DISABLED by 1
2026-01-01 03:05:52,269 INFO KILL SWITCH DISABLED by 1
2026-01-01 03:05:52,269 WARNING KILL SWITCH ENABLED by 1: test
2026-01-01 03:05:52,269 WARNING KILL SWITCH ENABLED by 1: test
2026-01-01 03:05:52,269 INFO KILL SWITCH DISABLED by 1
2026-01-01 03:05:52,269 INFO KILL SWITCH DISABLED by 1
2026-01-01 03:08:37,159 WARNING KILL SWITCH ENABLED by 1: test
2026-01-01 03:08:37,159 WARNING KILL SWITCH ENABLED by 1: test
2026-01-01 03:08:37,159 INFO KILL SWITCH DISABLED by 1
2026-01-01 03:08:37,159 INFO KILL SWITCH DISABLED by 1
2026-01-01 03:08:37,159 INFO EVENT: test_event | user_id=1 | details={'foo': 'bar'}
2026-01-01 03:08:37,159 INFO EVENT: test_event | user_id=1 | details={'foo': 'bar'}
2026-01-01 03:08:37,159 WARNING KILL SWITCH ENABLED by 1: test
2026-01-01 03:08:37,159 WARNING KILL SWITCH ENABLED by 1: test
2026-01-01 03:08:37,160 INFO KILL SWITCH DISABLED by 1
2026-01-01 03:08:37,160 INFO KILL SWITCH DISABLED by 1
2026-01-01 03:08:37,160 WARNING KILL SWITCH ENABLED by 1: test
2026-01-01 03:08:37,160 WARNING KILL SWITCH ENABLED by 1: test
2026-01-01 03:08:37,160 INFO KILL SWITCH DISABLED by 1
2026-01-01 03:08:37,160 INFO KILL SWITCH DISABLED by 1
2026-01-01 03:10:35,015 WARNING KILL SWITCH ENABLED by 1: test
2026-01-01 03:10:35,015 WARNING KILL SWITCH ENABLED by 1: test
2026-01-01 03:10:35,015 INFO KILL SWITCH DISABLED by 1
2026-01-01 03:10:35,015 INFO KILL SWITCH DISABLED by 1
2026-01-01 03:10:35,015 INFO EVENT: test_event | user_id=1 | details={'foo': 'bar'}
2026-01-01 03:10:35,015 INFO EVENT: test_event | user_id=1 | details={'foo': 'bar'}
2026-01-01 03:10:35,015 WARNING KILL SWITCH ENABLED by 1: test
2026-01-01 03:10:35,015 WARNING KILL SWITCH ENABLED by 1: test
2026-01-01 03:10:35,015 INFO KILL SWITCH DISABLED by 1
2026-01-01 03:10:35,015 INFO KILL SWITCH DISABLED by 1
2026-01-01 03:10:35,016 WARNING KILL SWITCH ENABLED by 1: test
2026-01-01 03:10:35,016 WARNING KILL SWITCH ENABLED by 1: test
2026-01-01 03:10:35,016 INFO KILL SWITCH DISABLED by 1
2026-01-01 03:10:35,016 INFO KILL SWITCH DISABLED by 1
2026-01-01 03:13:12,885 WARNING KILL SWITCH ENABLED by 1: test
2026-01-01 03:13:12,885 WARNING KILL SWITCH ENABLED by 1: test
2026-01-01 03:13:12,885 INFO KILL SWITCH DISABLED by 1
2026-01-01 03:13:12,885 INFO KILL SWITCH DISABLED by 1
2026-01-01 03:13:12,885 INFO EVENT: test_event | user_id=1 | details={'foo': 'bar'}
2026-01-01 03:13:12,885 INFO EVENT: test_event | user_id=1 | details={'foo': 'bar'}
2026-01-01 03:13:12,885 WARNING KILL SWITCH ENABLED by 1: test
2026-01-01 03:13:12,885 WARNING KILL SWITCH ENABLED by 1: test
2026-01-01 03:13:12,885 INFO KILL SWITCH DISABLED by 1
2026-01-01 03:13:12,885 INFO KILL SWITCH DISABLED by 1
2026-01-01 03:13:12,885 WARNING KILL SWITCH ENABLED by 1: test
2026-01-01 03:13:12,885 WARNING KILL SWITCH ENABLED by 1: test
2026-01-01 03:13:12,885 INFO KILL SWITCH DISABLED by 1
2026-01-01 03:13:12,885 INFO KILL SWITCH DISABLED by 1
2026-01-01 03:15:36,315 WARNING KILL SWITCH ENABLED by 1: test
2026-01-01 03:15:36,315 WARNING KILL SWITCH ENABLED by 1: test
2026-01-01 03:15:36,315 INFO KILL SWITCH DISABLED by 1
2026-01-01 03:15:36,315 INFO KILL SWITCH DISABLED by 1
2026-01-01 03:15:36,315 INFO EVENT: test_event | user_id=1 | details={'foo': 'bar'}
2026-01-01 03:15:36,315 INFO EVENT: test_event | user_id=1 | details={'foo': 'bar'}
2026-01-01 03:15:36,315 WARNING KILL SWITCH ENABLED by 1: test
2026-01-01 03:15:36,315 WARNING KILL SWITCH ENABLED by 1: test
2026-01-01 03:15:36,316 INFO KILL SWITCH DISABLED by 1
2026-01-01 03:15:36,316 INFO KILL SWITCH DISABLED by 1
2026-01-01 03:15:36,316 WARNING KILL SWITCH ENABLED by 1: test
2026-01-01 03:15:36,316 WARNING KILL SWITCH ENABLED by 1: test
2026-01-01 03:15:36,316 INFO KILL SWITCH DISABLED by 1
2026-01-01 03:15:36,316 INFO KILL SWITCH DISABLED by 1
